2024-03-01 23:09:37,667 - ERROR - 处理 2021_000011_深物业A时出错： invalid literal for int() with base 10: '.9'
2024-03-01 23:09:38,450 - ERROR - 处理 2021_000026_飞亚达时出错： invalid literal for int() with base 10: '.9'
2024-03-01 23:09:38,525 - ERROR - 处理 2021_000060_中金岭南时出错： invalid literal for int() with base 10: '分析'
2024-03-01 23:09:38,772 - ERROR - 处理 2021_000028_国药一致时出错： invalid literal for int() with base 10: '.9'
2024-03-01 23:09:39,729 - ERROR - 处理 2021_000401_冀东水泥时出错： invalid literal for int() with base 10: '签。'
2024-03-01 23:10:00,609 - ERROR - 处理 2021_000553_安道麦A时出错： invalid literal for int() with base 10: '分析'
2024-03-01 23:10:22,625 - ERROR - 处理 2021_000782_美达股份时出错： invalid literal for int() with base 10: '签。'
2024-03-01 23:10:36,054 - ERROR - 处理 2021_000835_*ST长动时出错： invalid literal for int() with base 10: '签。'
2024-03-01 23:10:37,888 - ERROR - 处理 2021_000862_银星能源时出错： invalid literal for int() with base 10: '签。'
2024-03-01 23:10:57,733 - ERROR - 处理 2021_001216_华瓷股份时出错： invalid literal for int() with base 10: '签。'
2024-03-01 23:10:59,187 - ERROR - 处理 2021_001979_招商蛇口时出错： invalid literal for int() with base 10: '述或'
2024-03-01 23:11:00,952 - ERROR - 处理 2021_002004_华邦健康时出错： invalid literal for int() with base 10: '.9'
2024-03-01 23:11:07,360 - ERROR - 处理 2021_002059_云南旅游时出错： invalid literal for int() with base 10: '.9'
2024-03-01 23:11:16,376 - ERROR - 处理 2021_002132_恒星科技时出错： invalid literal for int() with base 10: '分析'
2024-03-01 23:11:17,220 - ERROR - 处理 2021_002148_北纬科技时出错： invalid literal for int() with base 10: '签。'
2024-03-01 23:11:22,612 - ERROR - 处理 2021_002198_嘉应制药时出错： invalid literal for int() with base 10: '签。'
2024-03-01 23:11:27,597 - ERROR - 处理 2021_002237_恒邦股份时出错： invalid literal for int() with base 10: '签。'
2024-03-01 23:11:30,472 - ERROR - 处理 2021_002242_九阳股份时出错： invalid literal for int() with base 10: '分析'
2024-03-01 23:11:35,832 - ERROR - 处理 2021_002265_西仪股份时出错： invalid literal for int() with base 10: '签。'
2024-03-01 23:11:53,319 - ERROR - 处理 2021_002420_毅昌科技时出错： invalid literal for int() with base 10: '分析'
2024-03-01 23:11:56,944 - ERROR - 处理 2021_002457_青龙管业时出错： invalid literal for int() with base 10: '签。'
2024-03-01 23:12:20,369 - ERROR - 处理 2021_002564_天沃科技时出错： invalid literal for int() with base 10: '签。'
2024-03-01 23:13:01,530 - ERROR - 处理 2021_002912_中新赛克时出错： invalid literal for int() with base 10: '.8'
2024-03-01 23:13:50,959 - ERROR - 处理 2021_300158_振东制药时出错： invalid literal for int() with base 10: '签。'
2024-03-01 23:13:51,334 - ERROR - 处理 2021_300160_秀强股份时出错： invalid literal for int() with base 10: '签。'
2024-03-01 23:13:55,787 - ERROR - 处理 2021_300184_力源信息时出错： invalid literal for int() with base 10: '签。'
2024-03-01 23:14:07,148 - ERROR - 处理 2021_300327_中颖电子时出错： invalid literal for int() with base 10: '签。'
2024-03-01 23:14:10,914 - ERROR - 处理 2021_300354_东华测试时出错： invalid literal for int() with base 10: '.9'
2024-03-01 23:14:27,667 - ERROR - 处理 2021_300443_金雷股份时出错： invalid literal for int() with base 10: '签。'
2024-03-01 23:14:34,699 - ERROR - 处理 2021_300563_神宇股份时出错： invalid literal for int() with base 10: '分析'
2024-03-01 23:14:51,576 - ERROR - 处理 2021_300688_创业黑马时出错： invalid literal for int() with base 10: '分析'
2024-03-01 23:15:04,656 - ERROR - 处理 2021_300771_智莱科技时出错： invalid literal for int() with base 10: '签。'
2024-03-01 23:15:17,251 - ERROR - 处理 2021_300827_上能电气时出错： invalid literal for int() with base 10: '签。'
2024-03-01 23:15:19,345 - ERROR - 处理 2021_300846_首都在线时出错： invalid literal for int() with base 10: ' -'
2024-03-01 23:15:42,317 - ERROR - 处理 2021_301046_能辉科技时出错： invalid literal for int() with base 10: '签。'
2024-03-01 23:15:50,677 - ERROR - 处理 2021_301200_大族数控时出错： invalid literal for int() with base 10: '签。'
2024-03-01 23:16:48,794 - ERROR - 处理 2021_600379_宝光股份时出错： invalid literal for int() with base 10: '.7'
2024-03-01 23:17:17,110 - ERROR - 处理 2021_600600_青岛啤酒时出错： invalid literal for int() with base 10: ' -'
2024-03-01 23:18:53,325 - ERROR - 处理 2021_601066_中信建投时出错： No /Root object! - Is this really a PDF?
2024-03-01 23:19:09,109 - ERROR - 处理 2021_603099_长白山时出错： list index out of range
2024-03-01 23:19:09,859 - ERROR - 处理 2021_603099_长白山时出错： list index out of range
2024-03-01 23:19:58,974 - ERROR - 处理 2021_603919_金徽酒时出错： list index out of range
2024-03-01 23:19:58,990 - ERROR - 处理 2021_603919_金徽酒时出错： list index out of range
2024-03-01 23:20:04,975 - ERROR - 处理 2021_605020_永和股份时出错： invalid literal for int() with base 10: '.9'
2024-03-01 23:20:25,134 - ERROR - 处理 2021_688091_上海谊众时出错： No /Root object! - Is this really a PDF?
2024-03-01 23:21:25,798 - ERROR - 处理 2021_000025_特  力Ａ时出错： invalid literal for int() with base 10: ' -'
2024-03-01 23:21:39,315 - ERROR - 处理 2021_000719_中原传媒时出错： invalid literal for int() with base 10: '.9'
2024-03-01 23:21:45,222 - ERROR - 处理 2021_000900_现代投资时出错： list index out of range
2024-03-01 23:21:45,222 - ERROR - 处理 2021_000900_现代投资时出错： list index out of range
2024-03-01 23:21:53,333 - ERROR - 处理 2021_001202_炬申股份时出错： invalid literal for int() with base 10: ' -'
2024-03-01 23:22:04,975 - ERROR - 处理 2021_002149_西部材料时出错： invalid literal for int() with base 10: '签。'
2024-03-01 23:22:06,319 - ERROR - 处理 2021_002196_方正电机时出错： invalid literal for int() with base 10: '签。'
2024-03-01 23:22:11,695 - ERROR - 处理 2021_002276_万马股份时出错： invalid literal for int() with base 10: '.9'
2024-03-01 23:22:14,711 - ERROR - 处理 2021_002290_禾盛新材时出错： invalid literal for int() with base 10: '签。'
2024-03-01 23:22:28,275 - ERROR - 处理 2021_002442_龙星化工时出错： invalid literal for int() with base 10: '签。'
2024-03-01 23:22:41,183 - ERROR - 处理 2021_002590_万安科技时出错： invalid literal for int() with base 10: '签。'
2024-03-01 23:22:49,950 - ERROR - 处理 2021_002686_亿利达时出错： invalid literal for int() with base 10: '签。'
2024-03-01 23:22:51,231 - ERROR - 处理 2021_002749_国光股份时出错： invalid literal for int() with base 10: '签。'
2024-03-01 23:23:02,857 - ERROR - 处理 2021_002896_中大力德时出错： invalid literal for int() with base 10: '签。'
2024-03-01 23:23:08,608 - ERROR - 处理 2021_002986_宇新股份时出错： invalid literal for int() with base 10: '签。'
2024-03-01 23:23:09,811 - ERROR - 处理 2021_002998_优彩资源时出错： invalid literal for int() with base 10: '签。'
2024-03-01 23:23:10,343 - ERROR - 处理 2021_003005_竞业达时出错： invalid literal for int() with base 10: '签。'
2024-03-01 23:23:10,452 - ERROR - 处理 2021_003008_开普检测时出错： invalid literal for int() with base 10: '签。'
2024-03-01 23:23:10,640 - ERROR - 处理 2021_003011_海象新材时出错： invalid literal for int() with base 10: '签。'
2024-03-01 23:23:12,249 - ERROR - 处理 2021_300021_大禹节水时出错： invalid literal for int() with base 10: '签。'
2024-03-01 23:23:13,453 - ERROR - 处理 2021_300079_数码视讯时出错： invalid literal for int() with base 10: '签。'
2024-03-01 23:23:21,329 - ERROR - 处理 2021_003035_南网能源时出错： invalid literal for int() with base 10: '.9'
2024-03-01 23:23:21,938 - ERROR - 处理 2021_300207_欣旺达时出错： invalid literal for int() with base 10: '签。'
2024-03-01 23:24:04,491 - ERROR - 处理 2021_300786_国林科技时出错： invalid literal for int() with base 10: '分析'
2024-03-01 23:24:09,398 - ERROR - 处理 2021_300865_大宏立时出错： invalid literal for int() with base 10: '签。'
2024-03-01 23:24:26,304 - ERROR - 处理 2021_301012_扬电科技时出错： invalid literal for int() with base 10: '签。'
2024-03-01 23:24:27,695 - ERROR - 处理 2021_301036_双乐股份时出错： invalid literal for int() with base 10: '签。'
2024-03-01 23:24:34,930 - ERROR - 处理 2021_301182_凯旺科技时出错： invalid literal for int() with base 10: '签。'
2024-03-01 23:24:34,962 - ERROR - 处理 2021_301182_凯旺科技时出错： invalid literal for int() with base 10: '签。'
2024-03-01 23:25:31,313 - ERROR - 处理 2021_603000_人民网时出错： invalid literal for int() with base 10: '.9'
2024-03-01 23:26:11,427 - ERROR - 处理 2021_605555_德昌股份时出错： invalid literal for int() with base 10: '“可'
2024-03-01 23:26:32,258 - ERROR - 处理 2021_605555_德昌股份时出错： invalid literal for int() with base 10: '“可'
2024-03-01 23:26:59,386 - ERROR - 处理 2021_000595_宝塔实业时出错： invalid literal for int() with base 10: ' -'
2024-03-01 23:27:03,043 - ERROR - 处理 2021_000690_宝新能源时出错： invalid literal for int() with base 10: '0]'
2024-03-01 23:27:08,919 - ERROR - 处理 2021_000789_万年青时出错： invalid literal for int() with base 10: '签。'
2024-03-01 23:27:11,013 - ERROR - 处理 2021_000828_东莞控股时出错： invalid literal for int() with base 10: '.8'
2024-03-01 23:27:33,875 - ERROR - 处理 2021_002165_红 宝 丽时出错： invalid literal for int() with base 10: '。6'
2024-03-01 23:27:36,407 - ERROR - 处理 2021_002208_合肥城建时出错： invalid literal for int() with base 10: '签。'
2024-03-01 23:27:41,454 - ERROR - 处理 2021_002270_华明装备时出错： invalid literal for int() with base 10: '签。'
2024-03-01 23:27:42,955 - ERROR - 处理 2021_002293_罗莱生活时出错： invalid literal for int() with base 10: '签。'
2024-03-01 23:27:59,285 - ERROR - 处理 2021_002426_胜利精密时出错： invalid literal for int() with base 10: '签。'
2024-03-01 23:28:01,363 - ERROR - 处理 2021_002508_老板电器时出错： invalid literal for int() with base 10: '.9'
2024-03-01 23:28:01,410 - ERROR - 处理 2021_002489_浙江永强时出错： invalid literal for int() with base 10: '、完'
2024-03-01 23:28:02,348 - ERROR - 处理 2021_002496_ST辉丰时出错： invalid literal for int() with base 10: '签。'
2024-03-01 23:28:08,989 - ERROR - 处理 2020_002593_日上集团时出错： invalid literal for int() with base 10: '分析'
2024-03-01 23:28:23,304 - ERROR - 处理 2021_002694_顾地科技时出错： invalid literal for int() with base 10: '签。'
2024-03-01 23:28:26,070 - ERROR - 处理 2021_002743_富煌钢构时出错： invalid literal for int() with base 10: '分析'
2024-03-01 23:28:28,382 - ERROR - 处理 2021_002800_天顺股份时出错： invalid literal for int() with base 10: '签。'
2024-03-01 23:28:33,133 - ERROR - 处理 2021_002907_华森制药时出错： invalid literal for int() with base 10: '签。'
2024-03-01 23:28:34,508 - ERROR - 处理 2021_002913_奥士康时出错： invalid literal for int() with base 10: '签。'
2024-03-01 23:28:39,821 - ERROR - 处理 2021_002951_金时科技时出错： invalid literal for int() with base 10: '签。'
2024-03-01 23:28:45,213 - ERROR - 处理 2021_002985_北摩高科时出错： invalid literal for int() with base 10: '签。'
2024-03-01 23:28:52,573 - ERROR - 处理 2021_003043_华亚智能时出错： invalid literal for int() with base 10: '.9'
2024-03-01 23:29:00,652 - ERROR - 处理 2021_300190_维尔利时出错： invalid literal for int() with base 10: '2。'
2024-03-01 23:29:08,544 - ERROR - 处理 2021_300222_科大智能时出错： invalid literal for int() with base 10: '分析'
2024-03-01 23:29:15,482 - ERROR - 处理 2021_300343_联创股份时出错： invalid literal for int() with base 10: '签。'
2024-03-01 23:29:40,907 - ERROR - 处理 2021_300535_达威股份时出错： invalid literal for int() with base 10: '签。'
2024-03-01 23:29:53,049 - ERROR - 处理 2021_300690_双一科技时出错： invalid literal for int() with base 10: '签。'
2024-03-01 23:29:54,612 - ERROR - 处理 2021_300702_天宇股份时出错： invalid literal for int() with base 10: '签。'
2024-03-01 23:30:04,488 - ERROR - 处理 2021_300774_倍杰特时出错： invalid literal for int() with base 10: '签。'
2024-03-01 23:30:08,020 - ERROR - 处理 2021_300802_矩子科技时出错： invalid literal for int() with base 10: '签。'
2024-03-01 23:30:12,536 - ERROR - 处理 2021_300868_杰美特时出错： invalid literal for int() with base 10: ' -'
2024-03-01 23:30:21,991 - ERROR - 处理 2021_300915_海融科技时出错： invalid literal for int() with base 10: '分析'
2024-03-01 23:30:39,274 - ERROR - 处理 2021_301033_迈普医学时出错： invalid literal for int() with base 10: '分析'
2024-03-01 23:30:40,165 - ERROR - 处理 2021_301057_汇隆新材时出错： invalid literal for int() with base 10: '签。'
2024-03-01 23:30:41,384 - ERROR - 处理 2021_301067_显盈科技时出错： invalid literal for int() with base 10: '签。'
2024-03-01 23:30:42,118 - ERROR - 处理 2021_301061_匠心家居时出错： invalid literal for int() with base 10: 'd.'
2024-03-01 23:30:44,150 - ERROR - 处理 2021_301129_瑞纳智能时出错： invalid literal for int() with base 10: ' -'
2024-03-01 23:30:51,870 - ERROR - 处理 2021_301217_铜冠铜箔时出错： invalid literal for int() with base 10: '签。'
2024-03-01 23:31:32,969 - ERROR - 处理 2021_600536_中国软件时出错： list index out of range
2024-03-01 23:31:33,250 - ERROR - 处理 2021_600536_中国软件时出错： list index out of range
2024-03-01 23:31:48,033 - ERROR - 处理 2021_600712_南宁百货时出错： list index out of range
2024-03-01 23:31:48,049 - ERROR - 处理 2021_600712_南宁百货时出错： list index out of range
2024-03-01 23:32:18,724 - ERROR - 处理 2021_603008_喜临门时出错： invalid literal for int() with base 10: '析”'
2024-03-01 23:32:25,585 - ERROR - 处理 2021_603113_金能科技时出错： invalid literal for int() with base 10: '司关'
2024-03-01 23:33:25,811 - ERROR - 处理 2021_605589_圣泉集团时出错： invalid literal for int() with base 10: '的风'
2024-03-01 23:34:14,599 - ERROR - 处理 2021_000020_深华发Ａ时出错： invalid literal for int() with base 10: '签。'
2024-03-01 23:34:27,616 - ERROR - 处理 2021_000961_中南建设时出错： invalid literal for int() with base 10: '.9'
2024-03-01 23:34:47,228 - ERROR - 处理 2021_002222_福晶科技时出错： invalid literal for int() with base 10: '、完'
2024-03-01 23:34:50,135 - ERROR - 处理 2021_002249_大洋电机时出错： invalid literal for int() with base 10: '分析'
2024-03-01 23:34:57,135 - ERROR - 处理 2021_002328_新朋股份时出错： invalid literal for int() with base 10: '签。'
2024-03-01 23:35:03,886 - ERROR - 处理 2021_002508_老板电器时出错： invalid literal for int() with base 10: '.9'
2024-03-01 23:35:07,652 - ERROR - 处理 2021_002527_新时达时出错： invalid literal for int() with base 10: '分析'
2024-03-01 23:35:12,278 - ERROR - 处理 2021_002550_千红制药时出错： invalid literal for int() with base 10: '签。'
2024-03-01 23:35:21,685 - ERROR - 处理 2021_002638_勤上股份时出错： invalid literal for int() with base 10: '签。'
2024-03-01 23:35:26,264 - ERROR - 处理 2021_002768_国恩股份时出错： invalid literal for int() with base 10: '签。'
2024-03-01 23:35:32,046 - ERROR - 处理 2021_002835_同为股份时出错： invalid literal for int() with base 10: '.8'
2024-03-01 23:35:32,812 - ERROR - 处理 2021_002837_英维克时出错： invalid literal for int() with base 10: '签。'
2024-03-01 23:35:50,002 - ERROR - 处理 2021_003026_中晶科技时出错： invalid literal for int() with base 10: '分析'
2024-03-01 23:35:50,595 - ERROR - 下载PDF文件失败：404 Client Error: Not Found for url: http://static.cninfo.com.cn/finalpage/2022-04-26/1213105590.PDF
2024-03-01 23:35:50,627 - ERROR - 下载PDF文件失败：404 Client Error: Not Found for url: http://static.cninfo.com.cn/finalpage/2022-04-26/1213105590.PDF
2024-03-01 23:35:50,642 - ERROR - 下载PDF文件失败：404 Client Error: Not Found for url: http://static.cninfo.com.cn/finalpage/2022-04-26/1213105590.PDF
2024-03-01 23:35:50,642 - ERROR - 下载失败：http://static.cninfo.com.cn/finalpage/2022-04-26/1213105590.PDF
2024-03-01 23:35:59,737 - ERROR - 处理 2021_300088_长信科技时出错： invalid literal for int() with base 10: '签。'
2024-03-01 23:36:16,349 - ERROR - 处理 2021_300173_福能东方时出错： invalid literal for int() with base 10: '签。'
2024-03-01 23:36:26,006 - ERROR - 处理 2021_300237_美晨生态时出错： invalid literal for int() with base 10: '签。'
2024-03-01 23:36:45,040 - ERROR - 处理 2021_300382_斯莱克时出错： invalid literal for int() with base 10: '分析'
2024-03-01 23:36:45,712 - ERROR - 处理 2021_300384_三联虹普时出错： invalid literal for int() with base 10: '签。'
2024-03-01 23:36:50,244 - ERROR - 处理 2021_300426_唐德影视时出错： invalid literal for int() with base 10: '签。'
2024-03-01 23:36:53,682 - ERROR - 处理 2021_300433_蓝思科技时出错： invalid literal for int() with base 10: '签。'
2024-03-01 23:37:00,026 - ERROR - 处理 2021_300452_山河药辅时出错： invalid literal for int() with base 10: '.9'
2024-03-01 23:37:15,591 - ERROR - 处理 2021_300593_新雷能时出错： invalid literal for int() with base 10: '签。'
2024-03-01 23:37:16,294 - ERROR - 处理 2021_300604_长川科技时出错： invalid literal for int() with base 10: '签。'
2024-03-01 23:37:18,669 - ERROR - 处理 2021_300626_华瑞股份时出错： invalid literal for int() with base 10: '签。'
2024-03-01 23:37:30,546 - ERROR - 处理 2021_300658_延江股份时出错： invalid literal for int() with base 10: '签。'
2024-03-01 23:37:32,062 - ERROR - 处理 2021_300668_杰恩设计时出错： invalid literal for int() with base 10: '签。'
2024-03-01 23:37:41,125 - ERROR - 处理 2021_300738_奥飞数据时出错： invalid literal for int() with base 10: '签。'
2024-03-01 23:37:41,172 - ERROR - 处理 2021_300735_光弘科技时出错： invalid literal for int() with base 10: '签。'
2024-03-01 23:37:44,266 - ERROR - 处理 2021_300775_三角防务时出错： invalid literal for int() with base 10: '签。'
2024-03-01 23:37:49,673 - ERROR - 处理 2021_300806_斯迪克时出错： invalid literal for int() with base 10: '签。'
2024-03-01 23:38:00,487 - ERROR - 处理 2021_300895_铜牛信息时出错： invalid literal for int() with base 10: '签。'
2024-03-01 23:38:06,769 - ERROR - 处理 2021_300923_研奥股份时出错： invalid literal for int() with base 10: '签。'
2024-03-01 23:38:07,566 - ERROR - 处理 2021_300941_创识科技时出错： invalid literal for int() with base 10: '签。'
2024-03-01 23:38:10,957 - ERROR - 处理 2021_300960_通业科技时出错： invalid literal for int() with base 10: '更改'
2024-03-01 23:38:14,411 - ERROR - 处理 2021_300973_立高食品时出错： invalid literal for int() with base 10: '签。'
2024-03-01 23:38:14,692 - ERROR - 处理 2021_300972_万辰生物时出错： invalid literal for int() with base 10: '签。'
2024-03-01 23:38:17,177 - ERROR - 处理 2021_300982_苏文电能时出错： invalid literal for int() with base 10: '分析'
2024-03-01 23:38:22,349 - ERROR - 处理 2021_301006_迈拓股份时出错： invalid literal for int() with base 10: '签。'
2024-03-01 23:38:42,117 - ERROR - 处理 2021_300982_苏文电能时出错： No /Root object! - Is this really a PDF?
2024-03-01 23:39:08,340 - ERROR - 处理 2021_600238_海南椰岛时出错： invalid literal for int() with base 10: '分。'
2024-03-01 23:39:17,013 - ERROR - 处理 2021_600467_好当家时出错： list index out of range
2024-03-01 23:39:17,309 - ERROR - 处理 2021_600467_好当家时出错： list index out of range
2024-03-01 23:39:54,783 - ERROR - 处理 2021_600967_内蒙一机时出错： list index out of range
2024-03-01 23:39:54,814 - ERROR - 处理 2021_600967_内蒙一机时出错： list index out of range
2024-03-01 23:39:57,877 - ERROR - 处理 2021_600997_开滦股份时出错： invalid literal for int() with base 10: '.8'
2024-03-01 23:40:07,472 - ERROR - 处理 2021_601816_京沪高铁时出错： list index out of range
2024-03-01 23:40:07,878 - ERROR - 处理 2021_601816_京沪高铁时出错： list index out of range
2024-03-01 23:40:13,989 - ERROR - 处理 2021_603048_浙江黎明时出错： invalid literal for int() with base 10: '.8'
2024-03-01 23:40:27,944 - ERROR - 处理 2021_603318_水发燃气时出错： list index out of range
2024-03-01 23:40:28,037 - ERROR - 处理 2021_603318_水发燃气时出错： list index out of range
2024-03-01 23:40:30,256 - ERROR - 处理 2021_603388_元成股份时出错： list index out of range
2024-03-01 23:40:30,694 - ERROR - 处理 2021_603388_元成股份时出错： list index out of range
2024-03-01 23:40:49,665 - ERROR - 处理 2021_603920_世运电路时出错： list index out of range
2024-03-01 23:40:49,915 - ERROR - 处理 2021_603920_世运电路时出错： list index out of range
2024-03-01 23:40:50,868 - ERROR - 处理 2021_603937_丽岛新材时出错： list index out of range
2024-03-01 23:40:51,072 - ERROR - 处理 2021_603937_丽岛新材时出错： list index out of range
2024-03-01 23:41:26,467 - ERROR - 下载PDF文件失败：404 Client Error: Not Found for url: http://static.cninfo.com.cn/finalpage/2022-04-26/1213106908.PDF
2024-03-01 23:41:26,514 - ERROR - 下载PDF文件失败：404 Client Error: Not Found for url: http://static.cninfo.com.cn/finalpage/2022-04-26/1213106908.PDF
2024-03-01 23:41:26,545 - ERROR - 下载PDF文件失败：404 Client Error: Not Found for url: http://static.cninfo.com.cn/finalpage/2022-04-26/1213106908.PDF
2024-03-01 23:41:26,545 - ERROR - 下载失败：http://static.cninfo.com.cn/finalpage/2022-04-26/1213106908.PDF
2024-03-01 23:41:42,125 - ERROR - 处理 2021_000005_ST星源时出错： invalid literal for int() with base 10: '.9'
2024-03-01 23:41:49,985 - ERROR - 处理 2021_000543_皖能电力时出错： invalid literal for int() with base 10: '签。'
2024-03-01 23:41:50,751 - ERROR - 处理 2021_000554_泰山石油时出错： invalid literal for int() with base 10: '签。'
2024-03-01 23:41:50,814 - ERROR - 处理 2021_000557_西部创业时出错： invalid literal for int() with base 10: '分析'
2024-03-01 23:41:57,549 - ERROR - 处理 2021_000669_ST金鸿时出错： invalid literal for int() with base 10: '签。'
2024-03-01 23:41:57,783 - ERROR - 处理 2021_000676_智度股份时出错： invalid literal for int() with base 10: '签。'
2024-03-01 23:42:00,002 - ERROR - 处理 2021_000711_京蓝科技时出错： invalid literal for int() with base 10: '签。'
2024-03-01 23:42:00,393 - ERROR - 处理 2021_000718_苏宁环球时出错： invalid literal for int() with base 10: '签。'
2024-03-01 23:42:15,489 - ERROR - 处理 2021_000913_钱江摩托时出错： invalid literal for int() with base 10: '签。'
2024-03-01 23:42:16,192 - ERROR - 处理 2021_000883_湖北能源时出错： invalid literal for int() with base 10: '签。'
2024-03-01 23:42:34,851 - ERROR - 处理 2021_002124_天邦股份时出错： invalid literal for int() with base 10: '.8'
2024-03-01 23:42:51,462 - ERROR - 处理 2021_002261_拓维信息时出错： invalid literal for int() with base 10: '签。'
2024-03-01 23:42:54,353 - ERROR - 处理 2021_002308_威创股份时出错： invalid literal for int() with base 10: '分析'
2024-03-01 23:42:58,619 - ERROR - 处理 2021_002333_罗普斯金时出错： invalid literal for int() with base 10: '签。'
2024-03-01 23:43:16,231 - ERROR - 处理 2021_002580_圣阳股份时出错： invalid literal for int() with base 10: '签。'
2024-03-01 23:43:32,092 - ERROR - 处理 2021_002742_三圣股份时出错： invalid literal for int() with base 10: '签。'
2024-03-01 23:43:50,282 - ERROR - 处理 2021_002871_伟隆股份时出错： invalid literal for int() with base 10: '签。'
2024-03-01 23:43:57,455 - ERROR - 处理 2021_002957_科瑞技术时出错： invalid literal for int() with base 10: '签。'
2024-03-01 23:43:57,674 - ERROR - 处理 2021_002972_科安达时出错： invalid literal for int() with base 10: '签。'
2024-03-01 23:44:07,566 - ERROR - 处理 2021_300010_豆神教育时出错： invalid literal for int() with base 10: '签。'
2024-03-01 23:44:21,161 - ERROR - 处理 2021_300096_易联众时出错： invalid literal for int() with base 10: '签。'
2024-03-01 23:44:21,755 - ERROR - 处理 2021_300097_智云股份时出错： invalid literal for int() with base 10: '分析'
2024-03-01 23:44:23,177 - ERROR - 处理 2021_300106_西部牧业时出错： invalid literal for int() with base 10: '分析'
2024-03-01 23:44:29,756 - ERROR - 处理 2021_300134_大富科技时出错： invalid literal for int() with base 10: '.9'
2024-03-01 23:44:30,850 - ERROR - 处理 2021_300135_宝利国际时出错： invalid literal for int() with base 10: '签。'
2024-03-01 23:44:53,462 - ERROR - 处理 2021_300266_兴源环境时出错： invalid literal for int() with base 10: '签。'
2024-03-01 23:45:01,510 - ERROR - 处理 2021_300293_蓝英装备时出错： invalid literal for int() with base 10: '签。'
2024-03-01 23:45:07,042 - ERROR - 处理 2021_300311_任子行时出错： invalid literal for int() with base 10: '签。'
2024-03-01 23:45:08,573 - ERROR - 处理 2021_300317_珈伟新能时出错： invalid literal for int() with base 10: '.8'
2024-03-01 23:45:29,435 - ERROR - 处理 2021_300420_五洋停车时出错： invalid literal for int() with base 10: '签。'
2024-03-01 23:45:37,483 - ERROR - 处理 2021_300483_首华燃气时出错： invalid literal for int() with base 10: '签。'
2024-03-01 23:45:37,765 - ERROR - 处理 2021_300477_合纵科技时出错： invalid literal for int() with base 10: '签。'
2024-03-01 23:45:39,249 - ERROR - 处理 2021_300509_新美星时出错： invalid literal for int() with base 10: '.9'
2024-03-01 23:45:42,765 - ERROR - 处理 2021_300518_盛讯达时出错： invalid literal for int() with base 10: '..'
2024-03-01 23:45:48,750 - ERROR - 处理 2021_300539_横河精密时出错： invalid literal for int() with base 10: '签。'
2024-03-01 23:45:51,516 - ERROR - 处理 2021_300547_川环科技时出错： invalid literal for int() with base 10: '签。'
2024-03-01 23:45:54,251 - ERROR - 处理 2021_300578_会畅通讯时出错： invalid literal for int() with base 10: '签。'
2024-03-01 23:45:59,267 - ERROR - 处理 2021_300607_拓斯达时出错： invalid literal for int() with base 10: '分析'
2024-03-01 23:46:38,898 - ERROR - 处理 2021_300799_左江科技时出错： invalid literal for int() with base 10: '签。'
2024-03-01 23:46:43,758 - ERROR - 处理 2021_300863_卡倍亿时出错： invalid literal for int() with base 10: '签。'
2024-03-01 23:47:03,151 - ERROR - 处理 2021_301082_久盛电气时出错： invalid literal for int() with base 10: '签。'
2024-03-01 23:47:04,119 - ERROR - 处理 2021_301102_兆讯传媒时出错： invalid literal for int() with base 10: '签。'
2024-03-01 23:47:24,325 - ERROR - 处理 2021_600119_长江投资时出错： list index out of range
2024-03-01 23:47:24,653 - ERROR - 处理 2021_600119_长江投资时出错： list index out of range
2024-03-01 23:48:39,585 - ERROR - 处理 2021_603051_鹿山新材时出错： invalid literal for int() with base 10: '”。'
2024-03-01 23:48:52,680 - ERROR - 处理 2021_603261_立航科技时出错： invalid literal for int() with base 10: '.8'
2024-03-01 23:49:30,701 - ERROR - 处理 2021_603868_飞科电器时出错： invalid literal for int() with base 10: '.9'
2024-03-01 23:50:48,117 - ERROR - 处理 2021_000036_华联控股时出错： invalid literal for int() with base 10: '签。'
2024-03-01 23:50:50,727 - ERROR - 处理 2021_000150_宜华健康时出错： invalid literal for int() with base 10: '签。'
2024-03-01 23:50:55,946 - ERROR - 处理 2021_000502_*ST绿景时出错： invalid literal for int() with base 10: '签。'
2024-03-01 23:51:01,182 - ERROR - 处理 2021_000525_ST红太阳时出错： invalid literal for int() with base 10: '签。'
2024-03-01 23:51:11,936 - ERROR - 处理 2021_000611_*ST天首时出错： invalid literal for int() with base 10: '签。'
2024-03-01 23:51:13,295 - ERROR - 处理 2021_000627_天茂集团时出错： invalid literal for int() with base 10: '签。'
2024-03-01 23:51:15,999 - ERROR - 处理 2021_000657_中钨高新时出错： invalid literal for int() with base 10: '分析'
2024-03-01 23:51:23,500 - ERROR - 处理 2021_000726_鲁  泰Ａ时出错： invalid literal for int() with base 10: '签。'
2024-03-01 23:51:36,564 - ERROR - 处理 2021_000887_中鼎股份时出错： invalid literal for int() with base 10: '签。'
2024-03-01 23:52:04,536 - ERROR - 处理 2021_002048_宁波华翔时出错： invalid literal for int() with base 10: '签。'
2024-03-01 23:52:08,537 - ERROR - 处理 2021_002074_国轩高科时出错： invalid literal for int() with base 10: '签。'
2024-03-01 23:52:10,756 - ERROR - 处理 2021_002087_新野纺织时出错： invalid literal for int() with base 10: '签。'
2024-03-01 23:52:38,259 - ERROR - 处理 2021_002211_宏达新材时出错： invalid literal for int() with base 10: '签。'
2024-03-01 23:52:52,839 - ERROR - 处理 2021_002313_日海智能时出错： invalid literal for int() with base 10: '签。'
2024-03-01 23:52:53,074 - ERROR - 处理 2021_002325_洪涛股份时出错： invalid literal for int() with base 10: '签。'
2024-03-01 23:53:10,967 - ERROR - 处理 2021_002432_九安医疗时出错： invalid literal for int() with base 10: '签。'
2024-03-01 23:53:12,358 - ERROR - 处理 2021_002447_*ST晨鑫时出错： invalid literal for int() with base 10: '签。'
2024-03-01 23:53:13,701 - ERROR - 处理 2021_002454_松芝股份时出错： invalid literal for int() with base 10: '签。'
2024-03-01 23:53:14,311 - ERROR - 处理 2021_002464_*ST众应时出错： invalid literal for int() with base 10: '分析'
2024-03-01 23:53:15,842 - ERROR - 处理 2021_002473_*ST圣莱时出错： invalid literal for int() with base 10: '签。'
2024-03-01 23:53:17,139 - ERROR - 处理 2021_002488_金固股份时出错： invalid literal for int() with base 10: '签。'
2024-03-01 23:53:18,186 - ERROR - 处理 2021_002499_*ST科林时出错： invalid literal for int() with base 10: '签。'
2024-03-01 23:53:21,812 - ERROR - 处理 2021_002504_ST弘高时出错： invalid literal for int() with base 10: '签。'
2024-03-01 23:53:42,799 - ERROR - 处理 2021_002617_露笑科技时出错： invalid literal for int() with base 10: '签。'
2024-03-01 23:53:43,049 - ERROR - 处理 2021_002618_*ST丹邦时出错： invalid literal for int() with base 10: '签。'
2024-03-01 23:53:47,112 - ERROR - 处理 2021_002647_仁东控股时出错： invalid literal for int() with base 10: '签。'
2024-03-01 23:53:58,207 - ERROR - 处理 2021_002733_雄韬股份时出错： invalid literal for int() with base 10: '签。'
2024-03-01 23:53:59,629 - ERROR - 处理 2021_002751_易尚展示时出错： invalid literal for int() with base 10: '签。'
2024-03-01 23:54:01,864 - ERROR - 处理 2021_002770_*ST科迪时出错： invalid literal for int() with base 10: '签。'
2024-03-01 23:54:02,989 - ERROR - 处理 2021_002773_康弘药业时出错： invalid literal for int() with base 10: '签。'
2024-03-01 23:54:14,991 - ERROR - 处理 2021_002842_翔鹭钨业时出错： invalid literal for int() with base 10: '签。'
2024-03-01 23:54:17,053 - ERROR - 处理 2021_002887_绿茵生态时出错： invalid literal for int() with base 10: '签。'
2024-03-01 23:54:25,851 - ERROR - 处理 2021_002992_宝明科技时出错： invalid literal for int() with base 10: '签。'
2024-03-01 23:54:32,383 - ERROR - 处理 2021_300038_*ST数知时出错： invalid literal for int() with base 10: '签。'
2024-03-01 23:54:32,415 - ERROR - 处理 2021_300029_*ST天龙时出错： invalid literal for int() with base 10: '签。'
2024-03-01 23:54:37,072 - ERROR - 处理 2021_300078_思创医惠时出错： invalid literal for int() with base 10: '分析'
2024-03-01 23:54:39,509 - ERROR - 处理 2021_300089_ST文化时出错： invalid literal for int() with base 10: '签。'
2024-03-01 23:55:00,590 - ERROR - 处理 2021_300338_开元教育时出错： invalid literal for int() with base 10: '签。'
2024-03-01 23:55:07,060 - ERROR - 处理 2021_300489_光智科技时出错： invalid literal for int() with base 10: '签。'
2024-03-01 23:55:18,108 - ERROR - 处理 2021_300912_凯龙高科时出错： invalid literal for int() with base 10: '签。'
2024-03-01 23:55:18,483 - ERROR - 处理 2021_300998_宁波方正时出错： invalid literal for int() with base 10: '签。'
2024-03-01 23:55:19,280 - ERROR - 处理 2021_301061_匠心家居时出错： invalid literal for int() with base 10: 'd.'
2024-03-01 23:55:27,578 - ERROR - 处理 2021_301279_金道科技时出错： invalid literal for int() with base 10: '签。'
2024-03-01 23:56:03,801 - ERROR - 处理 2021_600311_ST荣华时出错： list index out of range
2024-03-01 23:56:07,646 - ERROR - 处理 2021_600359_新农开发时出错： No /Root object! - Is this really a PDF?
2024-03-01 23:56:13,146 - ERROR - 处理 2021_600448_华纺股份时出错： invalid literal for int() with base 10: '.7'
2024-03-01 23:57:53,534 - ERROR - 处理 2021_603136_天目湖时出错： list index out of range
2024-03-01 23:57:54,206 - ERROR - 处理 2021_603139_康惠制药时出错： list index out of range
2024-03-01 23:57:54,331 - ERROR - 处理 2021_603139_康惠制药时出错： list index out of range
2024-03-01 23:57:55,081 - ERROR - 处理 2021_603261_立航科技时出错： invalid literal for int() with base 10: '.8'
2024-03-01 23:58:34,993 - ERROR - 处理 2021_603855_华荣股份时出错： list index out of range
2024-03-01 23:58:35,290 - ERROR - 处理 2021_603855_华荣股份时出错： list index out of range
2024-03-01 23:58:42,728 - ERROR - 处理 2021_605001_威奥股份时出错： list index out of range
2024-03-01 23:58:43,306 - ERROR - 处理 2021_605001_威奥股份时出错： list index out of range
2024-03-01 23:58:44,603 - ERROR - 处理 2021_605001_威奥股份时出错： list index out of range
2024-03-01 23:58:45,072 - ERROR - 处理 2021_605001_威奥股份时出错： list index out of range
2024-03-01 23:58:50,307 - ERROR - 处理 2021_605318_法狮龙时出错： invalid literal for int() with base 10: '”中'
2024-03-02 02:02:43,587 - ERROR - 处理 2021_600755_厦门国贸时出错： invalid literal for int() with base 10: '9)'
2024-03-02 02:56:08,364 - ERROR - 处理 2021_603655_朗博科技时出错： list index out of range
