2024-03-04 17:38:54,576 - ERROR - 处理 2021_002342_巨力索具.txt时出错： 'utf-8' codec can't decode byte 0xac in position 855: invalid start byte
2024-03-04 17:40:55,848 - ERROR - 处理 2021_002342_巨力索具.txt时出错： 'utf-8' codec can't decode byte 0xac in position 855: invalid start byte
2024-03-04 17:41:03,430 - ERROR - 处理 2021_002949_华阳国际.txt时出错： 'utf-8' codec can't decode byte 0x8f in position 5268: invalid start byte
2024-03-04 17:41:05,389 - ERROR - 处理 2021_300052_中青宝.txt时出错： 'utf-8' codec can't decode byte 0xa7 in position 517: invalid start byte
2024-03-04 17:41:06,804 - ERROR - 处理 2021_300144_宋城演艺.txt时出错： 'utf-8' codec can't decode byte 0x87 in position 1802: invalid start byte
2024-03-04 17:41:08,733 - ERROR - 处理 2021_300255_常山药业.txt时出错： 'utf-8' codec can't decode byte 0x96 in position 6392: invalid start byte
2024-03-04 17:41:09,013 - ERROR - 处理 2021_300277_海联讯.txt时出错： 'utf-8' codec can't decode byte 0x8e in position 3061: invalid start byte
2024-03-04 17:41:09,117 - ERROR - 处理 2021_300287_飞利信.txt时出错： 'utf-8' codec can't decode byte 0x96 in position 4713: invalid start byte
2024-03-04 17:41:10,360 - ERROR - 处理 2021_300383_光环新网.txt时出错： 'utf-8' codec can't decode byte 0xb6 in position 3864: invalid start byte
2024-03-04 17:41:12,171 - ERROR - 处理 2021_300527_中船应急.txt时出错： 'utf-8' codec can't decode byte 0x88 in position 7474: invalid start byte
2024-03-04 17:41:14,010 - ERROR - 处理 2021_300663_科蓝软件.txt时出错： 'utf-8' codec can't decode byte 0x84 in position 6656: invalid start byte
2024-03-04 17:41:15,665 - ERROR - 处理 2021_300776_帝尔激光.txt时出错： 'utf-8' codec can't decode byte 0xb0 in position 27: invalid start byte
2024-03-04 17:41:15,836 - ERROR - 处理 2021_300791_仙乐健康.txt时出错： 'utf-8' codec can't decode byte 0xaa in position 7168: invalid start byte
2024-03-04 17:41:15,841 - ERROR - 处理 2021_300792_壹网壹创.txt时出错： 'utf-8' codec can't decode byte 0xad in position 3053: invalid start byte
2024-03-04 17:41:16,273 - ERROR - 处理 2021_300829_金丹科技.txt时出错： 'utf-8' codec can't decode byte 0xbc in position 973: invalid start byte
2024-03-04 17:41:17,308 - ERROR - 处理 2021_300886_华业香料.txt时出错： 'utf-8' codec can't decode byte 0x87 in position 1072: invalid start byte
2024-03-04 17:41:19,281 - ERROR - 处理 2021_301058_中粮工科.txt时出错： 'utf-8' codec can't decode byte 0x88 in position 7948: invalid start byte
2024-03-04 17:41:19,560 - ERROR - 处理 2021_301086_鸿富瀚.txt时出错： 'utf-8' codec can't decode byte 0xb8 in position 4079: invalid start byte
2024-03-04 17:41:19,789 - ERROR - 处理 2021_301109_军信股份.txt时出错： 'utf-8' codec can't decode byte 0x86 in position 2029: invalid start byte
2024-03-04 17:41:20,014 - ERROR - 处理 2021_301138_华研精机.txt时出错： 'utf-8' codec can't decode byte 0x9e in position 395: invalid start byte
2024-03-04 17:41:20,044 - ERROR - 处理 2021_301151_冠龙节能.txt时出错： 'utf-8' codec can't decode byte 0x89 in position 7789: invalid start byte
2024-03-04 17:41:20,194 - ERROR - 处理 2021_301180_万祥科技.txt时出错： 'utf-8' codec can't decode byte 0xba in position 5804: invalid start byte
2024-03-04 17:41:20,460 - ERROR - 处理 2021_301219_腾远钴业.txt时出错： 'utf-8' codec can't decode byte 0x8f in position 432: invalid start byte
2024-03-04 17:41:21,239 - ERROR - 处理 2021_600076_康欣新材.txt时出错： 'utf-8' codec can't decode byte 0xb8 in position 2852: invalid start byte
2024-03-04 17:41:21,703 - ERROR - 处理 2021_600126_杭钢股份.txt时出错： 'utf-8' codec can't decode byte 0x90 in position 2353: invalid start byte
2024-03-04 17:41:21,816 - ERROR - 处理 2021_600137_浪莎股份.txt时出错： 'utf-8' codec can't decode byte 0x81 in position 5433: invalid start byte
2024-03-04 17:41:22,721 - ERROR - 处理 2021_600227_圣济堂.txt时出错： 'utf-8' codec can't decode byte 0xb9 in position 4817: invalid start byte
2024-03-04 17:41:23,048 - ERROR - 处理 2021_600265_ST景谷.txt时出错： 'utf-8' codec can't decode byte 0x89 in position 469: invalid start byte
2024-03-04 17:41:23,621 - ERROR - 处理 2021_600293_三峡新材.txt时出错： 'utf-8' codec can't decode byte 0x99 in position 5171: invalid start byte
2024-03-04 17:41:23,679 - ERROR - 处理 2021_600300_ST维维.txt时出错： 'utf-8' codec can't decode byte 0xa5 in position 2243: invalid start byte
2024-03-04 17:41:24,602 - ERROR - 处理 2021_600390_五矿资本.txt时出错： 'utf-8' codec can't decode byte 0xbf in position 3881: invalid start byte
2024-03-04 17:41:26,260 - ERROR - 处理 2021_600578_京能电力.txt时出错： 'utf-8' codec can't decode byte 0xbf in position 7725: invalid start byte
2024-03-04 17:41:26,823 - ERROR - 处理 2021_600629_华建集团.txt时出错： 'utf-8' codec can't decode byte 0xbc in position 2494: invalid start byte
2024-03-04 17:41:26,850 - ERROR - 处理 2021_600636_国新文化.txt时出错： 'utf-8' codec can't decode byte 0x80 in position 424: invalid start byte
2024-03-04 17:41:28,133 - ERROR - 处理 2021_600761_安徽合力.txt时出错： 'utf-8' codec can't decode byte 0xa1 in position 4197: invalid start byte
2024-03-04 17:41:33,093 - ERROR - 处理 2021_603042_华脉科技.txt时出错： 'utf-8' codec can't decode byte 0xbb in position 6812: invalid start byte
2024-03-04 17:41:33,639 - ERROR - 处理 2021_603110_东方材料.txt时出错： 'utf-8' codec can't decode byte 0xa7 in position 3971: invalid start byte
2024-03-04 17:41:34,101 - ERROR - 处理 2021_603186_华正新材.txt时出错： 'utf-8' codec can't decode byte 0xa2 in position 3372: invalid start byte
2024-03-04 17:41:35,186 - ERROR - 处理 2021_603358_华达科技.txt时出错： 'utf-8' codec can't decode byte 0xaf in position 3638: invalid start byte
2024-03-04 17:41:35,414 - ERROR - 处理 2021_603389_亚振家居.txt时出错： 'utf-8' codec can't decode byte 0x8a in position 415: invalid start byte
2024-03-04 17:41:35,499 - ERROR - 处理 2021_603408_建霖家居.txt时出错： 'utf-8' codec can't decode byte 0x94 in position 1070: invalid start byte
2024-03-04 17:41:38,837 - ERROR - 处理 2021_603998_方盛制药.txt时出错： 'utf-8' codec can't decode byte 0xaf in position 3535: invalid start byte
2024-03-04 17:41:38,990 - ERROR - 处理 2021_605050_福然德.txt时出错： 'utf-8' codec can't decode byte 0x80 in position 7507: invalid start byte
2024-03-04 17:41:39,830 - ERROR - 处理 2021_605199_葫芦娃.txt时出错： 'utf-8' codec can't decode byte 0xad in position 7986: invalid start byte
2024-03-04 17:41:40,670 - ERROR - 处理 2021_688020_方邦股份.txt时出错： 'utf-8' codec can't decode byte 0x91 in position 1312: invalid start byte
2024-03-04 17:41:40,784 - ERROR - 处理 2021_688032_禾迈股份.txt时出错： 'utf-8' codec can't decode byte 0x88 in position 1437: invalid start byte
2024-03-04 17:41:41,894 - ERROR - 处理 2021_688156_路德环境.txt时出错： 'utf-8' codec can't decode byte 0xb9 in position 4912: invalid start byte
2024-03-04 17:41:42,104 - ERROR - 处理 2021_688175_高凌信息.txt时出错： 'utf-8' codec can't decode byte 0x86 in position 3504: invalid start byte
2024-03-04 17:41:42,127 - ERROR - 处理 2021_688177_百奥泰.txt时出错： 'utf-8' codec can't decode byte 0x84 in position 2243: invalid start byte
2024-03-04 17:41:43,600 - ERROR - 处理 2021_688356_键凯科技.txt时出错： 'utf-8' codec can't decode byte 0x9c in position 98: invalid start byte
2024-03-04 17:41:45,301 - ERROR - 处理 2021_688776_国光电气.txt时出错： 'utf-8' codec can't decode byte 0xb0 in position 1532: invalid start byte
